date: invalid argument 's' for -I
[INFO] Starting setup for google at 
==> Updating Homebrew...
Already up-to-date.
[OK] git present
[OK] jq present
[OK] yq present
[INFO] Installing gnu-sed via brew...
Warning: gnu-sed 4.9 is already installed and up-to-date.
To reinstall 4.9, run:
  brew reinstall gnu-sed
[INFO] Installing coreutils via brew...
Warning: coreutils 9.8 is already installed and up-to-date.
To reinstall 9.8, run:
  brew reinstall coreutils
[OK] go present
[INFO] Installing python@3.11 via brew...
==> Fetching downloads for: python@3.11
âœ”ï¸Ž Bottle Manifest python@3.11 (3.11.14_1)
âœ”ï¸Ž Bottle python@3.11 (3.11.14_1)
==> Pouring python@3.11--3.11.14_1.sonoma.bottle.tar.gz
[34m==>[0m [1m/usr/local/Cellar/python@3.11/3.11.14_1/bin/python3.11 -Im ensurepip[0m
[34m==>[0m [1m/usr/local/Cellar/python@3.11/3.11.14_1/bin/python3.11 -Im pip install -v --[0m
==> Caveats
Python is installed as
  /usr/local/bin/python3.11

Unversioned and major-versioned symlinks `python`, `python3`, `python-config`, `python3-config`, `pip`, `pip3`, etc. pointing to
`python3.11`, `python3.11-config`, `pip3.11` etc., respectively, are installed into
  /usr/local/opt/python@3.11/libexec/bin

You can install Python packages with
  pip3.11 install <package>
They will install into the site-package directory
  /usr/local/lib/python3.11/site-packages

`idle3.11` requires tkinter, which is available separately:
  brew install python-tk@3.11

gdbm (`dbm.gnu`) is no longer included in this formula, but it is available separately:
  brew install python-gdbm@3.11
`dbm.ndbm` changed database backends in Homebrew Python 3.11.
If you need to read a database from a previous Homebrew Python created via `dbm.ndbm`,
you'll need to read your database using the older version of Homebrew Python and convert to another format.
`dbm` still defaults to `dbm.gnu` when it is installed.

If you do not need a specific version of Python, and always want Homebrew's `python3` in your PATH:
  brew install python3

For more information about Homebrew and Python, see: https://docs.brew.sh/Homebrew-and-Python
==> Summary
ðŸº  /usr/local/Cellar/python@3.11/3.11.14_1: 3,304 files, 59MB
==> Running `brew cleanup python@3.11`...
Disable this behaviour by setting `HOMEBREW_NO_INSTALL_CLEANUP=1`.
Hide these hints with `HOMEBREW_NO_ENV_HINTS=1` (see `man brew`).
[OK] bazelisk present
[OK] kubectl present
[INFO] Installing google-cloud-sdk via brew...
Warning: Not upgrading gcloud-cli, the latest version is already installed
[INFO] Generating polyglot outputs (src/)...
[INFO] Validating environment...
[INFO] Completed bootstrap for google.
date: invalid argument 's' for -I
[INFO] setup.sh finished at [ERROR] setup.sh failed at line 19
